Using pre-set license
Built from '2020.3/staging' branch; Version is '2020.3.25f1 (9b9180224418) revision 10195328'; Using compiler version '192528614'; Build Type 'Release'
OS: 'Windows 10  (10.0.18363) 64bit Professional' Language: 'zh' Physical Memory: 16319 MB
BatchMode: 1, IsHumanControllingUs: 0, StartBugReporterOnCrash: 0, Is64bit: 1, IsPro: 0

COMMAND LINE ARGUMENTS:
C:\Program Files\Unity\Hub\Editor\2020.3.25f1\Editor\Unity.exe
-adb2
-batchMode
-noUpm
-name
AssetImportWorker0
-projectPath
C:/Users/Appedu/Desktop/Unity_3D_Game_2022-03-19/3D_GAME_20220319
-logFile
Logs/AssetImportWorker0.log
-srvPort
64559
Successfully changed project path to: C:/Users/Appedu/Desktop/Unity_3D_Game_2022-03-19/3D_GAME_20220319
C:/Users/Appedu/Desktop/Unity_3D_Game_2022-03-19/3D_GAME_20220319
Using Asset Import Pipeline V2.
Refreshing native plugins compatible for Editor in 56.59 ms, found 2 plugins.
Preloading 0 native plugins for Editor in 0.00 ms.
Initialize engine version: 2020.3.25f1 (9b9180224418)
[Subsystems] Discovering subsystems at path C:/Program Files/Unity/Hub/Editor/2020.3.25f1/Editor/Data/Resources/UnitySubsystems
[Subsystems] Discovering subsystems at path C:/Users/Appedu/Desktop/Unity_3D_Game_2022-03-19/3D_GAME_20220319/Assets
GfxDevice: creating device client; threaded=0
Direct3D:
    Version:  Direct3D 11.0 [level 11.1]
    Renderer: NVIDIA Quadro P620 (ID=0x1cb6)
    Vendor:   
    VRAM:     1977 MB
    Driver:   30.0.14.7247
Initialize mono
Mono path[0] = 'C:/Program Files/Unity/Hub/Editor/2020.3.25f1/Editor/Data/Managed'
Mono path[1] = 'C:/Program Files/Unity/Hub/Editor/2020.3.25f1/Editor/Data/MonoBleedingEdge/lib/mono/unityjit'
Mono config path = 'C:/Program Files/Unity/Hub/Editor/2020.3.25f1/Editor/Data/MonoBleedingEdge/etc'
Using monoOptions --debugger-agent=transport=dt_socket,embedding=1,server=y,suspend=n,address=127.0.0.1:56204
Begin MonoManager ReloadAssembly
Registering precompiled unity dll's ...
Register platform support module: C:/Program Files/Unity/Hub/Editor/2020.3.25f1/Editor/Data/PlaybackEngines/WebGLSupport/UnityEditor.WebGL.Extensions.dll
Register platform support module: C:/Program Files/Unity/Hub/Editor/2020.3.25f1/Editor/Data/PlaybackEngines/WindowsStandaloneSupport/UnityEditor.WindowsStandalone.Extensions.dll
Registered in 0.002232 seconds.
Native extension for WindowsStandalone target not found
Native extension for WebGL target not found
Refreshing native plugins compatible for Editor in 53.92 ms, found 2 plugins.
Preloading 0 native plugins for Editor in 0.00 ms.
Mono: successfully reloaded assembly
- Completed reload, in  0.691 seconds
Domain Reload Profiling:
	ReloadAssembly (692ms)
		BeginReloadAssembly (81ms)
			ExecutionOrderSort (0ms)
			DisableScriptedObjects (0ms)
			BackupInstance (0ms)
			ReleaseScriptingObjects (0ms)
			CreateAndSetChildDomain (1ms)
		EndReloadAssembly (533ms)
			LoadAssemblies (72ms)
			RebuildTransferFunctionScriptingTraits (0ms)
			SetupTypeCache (162ms)
			ReleaseScriptCaches (0ms)
			RebuildScriptCaches (38ms)
			SetupLoadedEditorAssemblies (218ms)
				LogAssemblyErrors (0ms)
				InitializePlatformSupportModulesInManaged (6ms)
				SetLoadedEditorAssemblies (0ms)
				RefreshPlugins (54ms)
				BeforeProcessingInitializeOnLoad (21ms)
				ProcessInitializeOnLoadAttributes (105ms)
				ProcessInitializeOnLoadMethodAttributes (31ms)
				AfterProcessingInitializeOnLoad (0ms)
				EditorAssembliesLoaded (0ms)
			ExecutionOrderSort2 (0ms)
			AwakeInstancesAfterBackupRestoration (0ms)
Platform modules already initialized, skipping
Registering precompiled user dll's ...
Registered in 0.006272 seconds.
Begin MonoManager ReloadAssembly
Native extension for WindowsStandalone target not found
Native extension for WebGL target not found
Refreshing native plugins compatible for Editor in 0.79 ms, found 2 plugins.
Preloading 0 native plugins for Editor in 0.00 ms.
Mono: successfully reloaded assembly
- Completed reload, in  1.183 seconds
Domain Reload Profiling:
	ReloadAssembly (1184ms)
		BeginReloadAssembly (147ms)
			ExecutionOrderSort (0ms)
			DisableScriptedObjects (5ms)
			BackupInstance (0ms)
			ReleaseScriptingObjects (0ms)
			CreateAndSetChildDomain (19ms)
		EndReloadAssembly (976ms)
			LoadAssemblies (87ms)
			RebuildTransferFunctionScriptingTraits (0ms)
			SetupTypeCache (387ms)
			ReleaseScriptCaches (1ms)
			RebuildScriptCaches (51ms)
			SetupLoadedEditorAssemblies (345ms)
				LogAssemblyErrors (0ms)
				InitializePlatformSupportModulesInManaged (7ms)
				SetLoadedEditorAssemblies (1ms)
				RefreshPlugins (1ms)
				BeforeProcessingInitializeOnLoad (88ms)
				ProcessInitializeOnLoadAttributes (232ms)
				ProcessInitializeOnLoadMethodAttributes (9ms)
				AfterProcessingInitializeOnLoad (6ms)
				EditorAssembliesLoaded (0ms)
			ExecutionOrderSort2 (0ms)
			AwakeInstancesAfterBackupRestoration (6ms)
Platform modules already initialized, skipping
========================================================================
Worker process is ready to serve import requests
Launched and connected shader compiler UnityShaderCompiler.exe after 0.05 seconds
Refreshing native plugins compatible for Editor in 0.52 ms, found 2 plugins.
Preloading 0 native plugins for Editor in 0.00 ms.
Unloading 1540 Unused Serialized files (Serialized files now loaded: 0)
System memory in use before: 83.0 MB.
System memory in use after: 83.1 MB.

Unloading 19 unused Assets to reduce memory usage. Loaded Objects now: 1995.
Total: 2.819200 ms (FindLiveObjects: 0.140500 ms CreateObjectMapping: 0.059800 ms MarkObjects: 2.533900 ms  DeleteObjects: 0.084300 ms)

AssetImportParameters requested are different than current active one (requested -> active):
  custom:framework-win-MediaFoundation: 216162199b28c13a410421893ffa2e32 -> 
  custom:video-decoder-ogg-theora: a1e56fd34408186e4bbccfd4996cb3dc -> 
  custom:container-muxer-webm: aa71ff27fc2769a1b78a27578f13a17b -> 
  custom:container-demuxer-webm: 4f35f7cbe854078d1ac9338744f61a02 -> 
  custom:container-demuxer-ogg: 62fdf1f143b41e24485cea50d1cbac27 -> 
  custom:video-encoder-webm-vp8: eb34c28f22e8b96e1ab97ce403110664 -> 
  custom:video-decoder-webm-vp8: 9c59270c3fd7afecdb556c50c9e8de78 -> 
  custom:audio-decoder-ogg-vorbis: bf7c407c2cedff20999df2af8eb42d56 -> 
  custom:audio-encoder-webm-vorbis: bf7c407c2cedff20999df2af8eb42d56 -> 
========================================================================
Received Import Request.
  path: Assets/Scripts/Attack.cs
  artifactKey: Guid(500e2ce30e9e9934abdb5cae838ef805) Importer(815301076,1909f56bfc062723c751e8b465ee728b)
Start importing Assets/Scripts/Attack.cs using Guid(500e2ce30e9e9934abdb5cae838ef805) Importer(815301076,1909f56bfc062723c751e8b465ee728b)  -> (artifact id: 'fcd9cadb07491e79a82e111c496f236b') in 0.039044 seconds 
  Import took 0.042069 seconds .

========================================================================
Received Import Request.
  Time since last request: 22.266714 seconds.
  path: Assets/RPG Monster Duo PBR Polyart/Animations
  artifactKey: Guid(389170da8f2a7b54fab118388ba480a6) Importer(815301076,1909f56bfc062723c751e8b465ee728b)
Start importing Assets/RPG Monster Duo PBR Polyart/Animations using Guid(389170da8f2a7b54fab118388ba480a6) Importer(815301076,1909f56bfc062723c751e8b465ee728b)  -> (artifact id: 'bc57cea090efe2230ba7a9ce7113f997') in 0.003090 seconds 
  Import took 0.005938 seconds .

========================================================================
Received Import Request.
  Time since last request: 2.581238 seconds.
  path: Assets/RPG Monster Duo PBR Polyart/Animations/Slime
  artifactKey: Guid(10e0c415a9ecedd49a3d4d5e29395d96) Importer(815301076,1909f56bfc062723c751e8b465ee728b)
Start importing Assets/RPG Monster Duo PBR Polyart/Animations/Slime using Guid(10e0c415a9ecedd49a3d4d5e29395d96) Importer(815301076,1909f56bfc062723c751e8b465ee728b)  -> (artifact id: 'd8be84f23fef51677e5a063da943e3d0') in 0.003263 seconds 
  Import took 0.005990 seconds .

========================================================================
Received Import Request.
  Time since last request: 14.760269 seconds.
  path: Assets/RPG Monster Duo PBR Polyart/Animations/Slime/Attack01_Slime_Anim.fbx
  artifactKey: Guid(438236b1bb4dc03468cb3f2d12fa922c) Importer(815301076,1909f56bfc062723c751e8b465ee728b)
Start importing Assets/RPG Monster Duo PBR Polyart/Animations/Slime/Attack01_Slime_Anim.fbx using Guid(438236b1bb4dc03468cb3f2d12fa922c) Importer(815301076,1909f56bfc062723c751e8b465ee728b)  -> (artifact id: 'e11eaa33886673458de78ad5cbbb53cc') in 0.177858 seconds 
  Import took 0.180492 seconds .

========================================================================
Received Import Request.
  Time since last request: 0.712227 seconds.
  path: Assets/RPG Monster Duo PBR Polyart/Animations/Slime/Attack02_Slime_Anim.fbx
  artifactKey: Guid(8254c95c1caa1da4cb1d22972c413dad) Importer(815301076,1909f56bfc062723c751e8b465ee728b)
Start importing Assets/RPG Monster Duo PBR Polyart/Animations/Slime/Attack02_Slime_Anim.fbx using Guid(8254c95c1caa1da4cb1d22972c413dad) Importer(815301076,1909f56bfc062723c751e8b465ee728b)  -> (artifact id: '35cf16bb7c15c6f763a5703ec3afa791') in 0.025756 seconds 
  Import took 0.028534 seconds .

========================================================================
Received Import Request.
  Time since last request: 5.826757 seconds.
  path: Assets/RPG Monster Duo PBR Polyart/Animations/Slime/Die_Slime_Anim.fbx
  artifactKey: Guid(f76b9b823f2fc9a469d0c2c780514380) Importer(815301076,1909f56bfc062723c751e8b465ee728b)
Start importing Assets/RPG Monster Duo PBR Polyart/Animations/Slime/Die_Slime_Anim.fbx using Guid(f76b9b823f2fc9a469d0c2c780514380) Importer(815301076,1909f56bfc062723c751e8b465ee728b)  -> (artifact id: '1cb7ffb33778497e585e22de9242a737') in 0.023129 seconds 
  Import took 0.026832 seconds .

========================================================================
Received Import Request.
  Time since last request: 5.715075 seconds.
  path: Assets/RPG Monster Duo PBR Polyart/Animations/Slime/WalkLeft_Slime_Anim.fbx
  artifactKey: Guid(89d2cadc7addca64c8849fb4c8d0928d) Importer(815301076,1909f56bfc062723c751e8b465ee728b)
Start importing Assets/RPG Monster Duo PBR Polyart/Animations/Slime/WalkLeft_Slime_Anim.fbx using Guid(89d2cadc7addca64c8849fb4c8d0928d) Importer(815301076,1909f56bfc062723c751e8b465ee728b)  -> (artifact id: '5258cc8c2dd25aebd7334aecbd804944') in 0.023187 seconds 
  Import took 0.026427 seconds .

========================================================================
Received Import Request.
  Time since last request: 4.149428 seconds.
  path: Assets/RPG Monster Duo PBR Polyart/Animations/Slime/Walk_Slime_Anim.fbx
  artifactKey: Guid(f5d4d1a7dadc5a84d910c492d947ca4f) Importer(815301076,1909f56bfc062723c751e8b465ee728b)
Start importing Assets/RPG Monster Duo PBR Polyart/Animations/Slime/Walk_Slime_Anim.fbx using Guid(f5d4d1a7dadc5a84d910c492d947ca4f) Importer(815301076,1909f56bfc062723c751e8b465ee728b)  -> (artifact id: 'e02516f31f6d0ad41beb0b73ea5687dd') in 0.022614 seconds 
  Import took 0.025594 seconds .

========================================================================
Received Import Request.
  Time since last request: 2.517158 seconds.
  path: Assets/RPG Monster Duo PBR Polyart/Animations/Slime/Victory_Slime_Anim.fbx
  artifactKey: Guid(6f262ec4363c1e54baf17c27c26b0bc7) Importer(815301076,1909f56bfc062723c751e8b465ee728b)
Start importing Assets/RPG Monster Duo PBR Polyart/Animations/Slime/Victory_Slime_Anim.fbx using Guid(6f262ec4363c1e54baf17c27c26b0bc7) Importer(815301076,1909f56bfc062723c751e8b465ee728b)  -> (artifact id: 'df3b48049ee7ea8df38b42a60ed9e79e') in 0.020159 seconds 
  Import took 0.024354 seconds .

========================================================================
Received Import Request.
  Time since last request: 5.330466 seconds.
  path: Assets/RPG Monster Duo PBR Polyart/Animations/Slime/SenseSomethingStart_Slime_Anim.fbx
  artifactKey: Guid(81c4fe76ddb8c314087afd9c59b831b3) Importer(815301076,1909f56bfc062723c751e8b465ee728b)
Start importing Assets/RPG Monster Duo PBR Polyart/Animations/Slime/SenseSomethingStart_Slime_Anim.fbx using Guid(81c4fe76ddb8c314087afd9c59b831b3) Importer(815301076,1909f56bfc062723c751e8b465ee728b)  -> (artifact id: 'a0ffd009a45bab016baac53fde1c3093') in 0.022963 seconds 
  Import took 0.026010 seconds .

========================================================================
Received Import Request.
  Time since last request: 2.549731 seconds.
  path: Assets/RPG Monster Duo PBR Polyart/Animations/Slime/SenseSomethingRoutine_Slime_Anim.fbx
  artifactKey: Guid(7598b72533d77114287ffbe12e3f9178) Importer(815301076,1909f56bfc062723c751e8b465ee728b)
Start importing Assets/RPG Monster Duo PBR Polyart/Animations/Slime/SenseSomethingRoutine_Slime_Anim.fbx using Guid(7598b72533d77114287ffbe12e3f9178) Importer(815301076,1909f56bfc062723c751e8b465ee728b)  -> (artifact id: '58f27605bf6f07167a7d82e1d7f38bd3') in 0.022802 seconds 
  Import took 0.025814 seconds .

========================================================================
Received Import Request.
  Time since last request: 0.853060 seconds.
  path: Assets/RPG Monster Duo PBR Polyart/Animations/Slime/Run_Slime_Anim.fbx
  artifactKey: Guid(dbf4e442d523220489ca9531ab20161f) Importer(815301076,1909f56bfc062723c751e8b465ee728b)
Start importing Assets/RPG Monster Duo PBR Polyart/Animations/Slime/Run_Slime_Anim.fbx using Guid(dbf4e442d523220489ca9531ab20161f) Importer(815301076,1909f56bfc062723c751e8b465ee728b)  -> (artifact id: 'd43e19dcea45ff3ab07018a2a530c731') in 0.025712 seconds 
  Import took 0.028645 seconds .

========================================================================
Received Import Request.
  Time since last request: 4.907828 seconds.
  path: Assets/RPG Monster Duo PBR Polyart/Animations/Slime/IdleNormal_Slime_Anim.fbx
  artifactKey: Guid(21b5bb1519e484148aa30042c43904c0) Importer(815301076,1909f56bfc062723c751e8b465ee728b)
Start importing Assets/RPG Monster Duo PBR Polyart/Animations/Slime/IdleNormal_Slime_Anim.fbx using Guid(21b5bb1519e484148aa30042c43904c0) Importer(815301076,1909f56bfc062723c751e8b465ee728b)  -> (artifact id: '05bbdc1abdf7d03c8c7ae17ace9ffd78') in 0.022103 seconds 
  Import took 0.025167 seconds .

========================================================================
Received Import Request.
  Time since last request: 2.884556 seconds.
  path: Assets/RPG Monster Duo PBR Polyart/Animations/Slime/IdleBattle_Slime_Anim.fbx
  artifactKey: Guid(2bfd6fdaf6b23874ca93fca2e578b931) Importer(815301076,1909f56bfc062723c751e8b465ee728b)
Start importing Assets/RPG Monster Duo PBR Polyart/Animations/Slime/IdleBattle_Slime_Anim.fbx using Guid(2bfd6fdaf6b23874ca93fca2e578b931) Importer(815301076,1909f56bfc062723c751e8b465ee728b)  -> (artifact id: 'bc60750966de800fa47908651453e060') in 0.023718 seconds 
  Import took 0.026775 seconds .

========================================================================
Received Import Request.
  Time since last request: 0.377033 seconds.
  path: Assets/RPG Monster Duo PBR Polyart/Animations/Slime/GetHit_Slime_Anim.fbx
  artifactKey: Guid(a4dd2805a4cbc5b428b746ff8cf375c4) Importer(815301076,1909f56bfc062723c751e8b465ee728b)
Start importing Assets/RPG Monster Duo PBR Polyart/Animations/Slime/GetHit_Slime_Anim.fbx using Guid(a4dd2805a4cbc5b428b746ff8cf375c4) Importer(815301076,1909f56bfc062723c751e8b465ee728b)  -> (artifact id: 'afe54f5397eb337dcd9234f32cc32c03') in 0.022989 seconds 
  Import took 0.025978 seconds .

========================================================================
Received Import Request.
  Time since last request: 6.190565 seconds.
  path: Assets/RPG Monster Duo PBR Polyart/Animations/TurtleShell/Attack01_TurtleShell_Anim.fbx
  artifactKey: Guid(18d0edd1f2ba4444d9ba9bdf01f251d4) Importer(815301076,1909f56bfc062723c751e8b465ee728b)
Start importing Assets/RPG Monster Duo PBR Polyart/Animations/TurtleShell/Attack01_TurtleShell_Anim.fbx using Guid(18d0edd1f2ba4444d9ba9bdf01f251d4) Importer(815301076,1909f56bfc062723c751e8b465ee728b)  -> (artifact id: 'cfd3e6b4bef3d91f7d8126622d7d2ce3') in 0.026566 seconds 
  Import took 0.029719 seconds .

========================================================================
Received Import Request.
  Time since last request: 10.323251 seconds.
  path: Assets/RPG Monster Duo PBR Polyart/Animations/Slime/WalkRight_Slime_Anim.fbx
  artifactKey: Guid(e701e62680e5836438f67a3da2bdc71e) Importer(815301076,1909f56bfc062723c751e8b465ee728b)
Start importing Assets/RPG Monster Duo PBR Polyart/Animations/Slime/WalkRight_Slime_Anim.fbx using Guid(e701e62680e5836438f67a3da2bdc71e) Importer(815301076,1909f56bfc062723c751e8b465ee728b)  -> (artifact id: 'f9ffbae7c9cccc76a8b23f58d99b3d49') in 0.024029 seconds 
  Import took 0.027244 seconds .

========================================================================
Received Import Request.
  Time since last request: 12.804977 seconds.
  path: Assets/RPG Monster Duo PBR Polyart/Animations/Slime/WalkBack_Slime_Anim.fbx
  artifactKey: Guid(34094b5c4dd5cd9438870be57749bf79) Importer(815301076,1909f56bfc062723c751e8b465ee728b)
Start importing Assets/RPG Monster Duo PBR Polyart/Animations/Slime/WalkBack_Slime_Anim.fbx using Guid(34094b5c4dd5cd9438870be57749bf79) Importer(815301076,1909f56bfc062723c751e8b465ee728b)  -> (artifact id: '562cfa15a60e74bc5b328085ad2a9f7e') in 0.024092 seconds 
  Import took 0.026932 seconds .

========================================================================
Received Import Request.
  Time since last request: 23.850907 seconds.
  path: Assets/RPG Monster Duo PBR Polyart/Animations/Slime/Taunt_Slime_Anim.fbx
  artifactKey: Guid(4633f9c0f50bbb548a176fd4c0f5a0b9) Importer(815301076,1909f56bfc062723c751e8b465ee728b)
Start importing Assets/RPG Monster Duo PBR Polyart/Animations/Slime/Taunt_Slime_Anim.fbx using Guid(4633f9c0f50bbb548a176fd4c0f5a0b9) Importer(815301076,1909f56bfc062723c751e8b465ee728b)  -> (artifact id: '05d736b44ab9b29030a0ba616c5c7bb4') in 0.024233 seconds 
  Import took 0.027482 seconds .

========================================================================
Received Import Request.
  Time since last request: 75.775238 seconds.
  path: Assets/RPG Monster Duo PBR Polyart/Textures/PBRSlimeAlbedo.png
  artifactKey: Guid(0f625c9ed25ed7c479d59c9a7e72177b) Importer(815301076,1909f56bfc062723c751e8b465ee728b)
Start importing Assets/RPG Monster Duo PBR Polyart/Textures/PBRSlimeAlbedo.png using Guid(0f625c9ed25ed7c479d59c9a7e72177b) Importer(815301076,1909f56bfc062723c751e8b465ee728b)  -> (artifact id: '05f28afbdb0506f4daf56175d8a79cd6') in 0.025011 seconds 
  Import took 0.027706 seconds .

========================================================================
Received Import Request.
  Time since last request: 0.760559 seconds.
  path: Assets/RPG Monster Duo PBR Polyart/Textures/PBRSlimeAO.png
  artifactKey: Guid(ea614ba314598d14ebe9e9cdff6a47cd) Importer(815301076,1909f56bfc062723c751e8b465ee728b)
Start importing Assets/RPG Monster Duo PBR Polyart/Textures/PBRSlimeAO.png using Guid(ea614ba314598d14ebe9e9cdff6a47cd) Importer(815301076,1909f56bfc062723c751e8b465ee728b)  -> (artifact id: '041e6239d3ff33be36a064eac86f0936') in 0.009201 seconds 
  Import took 0.011833 seconds .

========================================================================
Received Import Request.
  Time since last request: 0.691856 seconds.
  path: Assets/RPG Monster Duo PBR Polyart/Textures/PBRSlimeNormal.png
  artifactKey: Guid(18abd5f4e9c11924a95611d5a0813704) Importer(815301076,1909f56bfc062723c751e8b465ee728b)
Start importing Assets/RPG Monster Duo PBR Polyart/Textures/PBRSlimeNormal.png using Guid(18abd5f4e9c11924a95611d5a0813704) Importer(815301076,1909f56bfc062723c751e8b465ee728b)  -> (artifact id: 'a41f1e43ae591a23b1afc3e939e66323') in 0.009867 seconds 
  Import took 0.012917 seconds .

========================================================================
Received Import Request.
  Time since last request: 3.950240 seconds.
  path: Assets/RPG Monster Duo PBR Polyart/Prefabs/Slime.prefab
  artifactKey: Guid(a817c29ea6847604bb2c6c51d9a74bf1) Importer(815301076,1909f56bfc062723c751e8b465ee728b)
Start importing Assets/RPG Monster Duo PBR Polyart/Prefabs/Slime.prefab using Guid(a817c29ea6847604bb2c6c51d9a74bf1) Importer(815301076,1909f56bfc062723c751e8b465ee728b)  -> (artifact id: '681ea5af0f2c745e22c21e86e715c7c0') in 0.030516 seconds 
  Import took 0.033823 seconds .

========================================================================
Received Import Request.
  Time since last request: 1.332334 seconds.
  path: Assets/RPG Monster Duo PBR Polyart/Prefabs/SlimePBR.prefab
  artifactKey: Guid(55776efecb0cd134ea5f418c2f97a705) Importer(815301076,1909f56bfc062723c751e8b465ee728b)
Start importing Assets/RPG Monster Duo PBR Polyart/Prefabs/SlimePBR.prefab using Guid(55776efecb0cd134ea5f418c2f97a705) Importer(815301076,1909f56bfc062723c751e8b465ee728b)  -> (artifact id: '632e508e2bcb5e47b3df3a9f086f15fe') in 0.156993 seconds 
  Import took 0.161122 seconds .

========================================================================
Received Import Request.
  Time since last request: 1.061559 seconds.
  path: Assets/RPG Monster Duo PBR Polyart/Prefabs/TurtleShell.prefab
  artifactKey: Guid(3aec22b5d3f3c2947bb81040b56e5f96) Importer(815301076,1909f56bfc062723c751e8b465ee728b)
Start importing Assets/RPG Monster Duo PBR Polyart/Prefabs/TurtleShell.prefab using Guid(3aec22b5d3f3c2947bb81040b56e5f96) Importer(815301076,1909f56bfc062723c751e8b465ee728b)  -> (artifact id: 'd271eb86c9036e7c065f4f909c158532') in 0.025300 seconds 
  Import took 0.029921 seconds .

========================================================================
Received Import Request.
  Time since last request: 1.029846 seconds.
  path: Assets/RPG Monster Duo PBR Polyart/Prefabs/TurtleShellPBR.prefab
  artifactKey: Guid(38efdaadbfe1d624bbee439cb02e7661) Importer(815301076,1909f56bfc062723c751e8b465ee728b)
Start importing Assets/RPG Monster Duo PBR Polyart/Prefabs/TurtleShellPBR.prefab using Guid(38efdaadbfe1d624bbee439cb02e7661) Importer(815301076,1909f56bfc062723c751e8b465ee728b)  -> (artifact id: '46378f5c91988e0e288ed1cbe2179100') in 0.044372 seconds 
  Import took 0.048471 seconds .

========================================================================
Received Import Request.
  Time since last request: 2.626533 seconds.
  path: Assets/RPG Monster Duo PBR Polyart/Meshes/SlimeMesh.fbx
  artifactKey: Guid(1f499d0eded7a4245b0c36149a43da4f) Importer(815301076,1909f56bfc062723c751e8b465ee728b)
Start importing Assets/RPG Monster Duo PBR Polyart/Meshes/SlimeMesh.fbx using Guid(1f499d0eded7a4245b0c36149a43da4f) Importer(815301076,1909f56bfc062723c751e8b465ee728b)  -> (artifact id: 'ddc76779d5b9982a9cea579bf8df43fb') in 0.021403 seconds 
  Import took 0.024448 seconds .

========================================================================
Received Import Request.
  Time since last request: 0.737870 seconds.
  path: Assets/RPG Monster Duo PBR Polyart/Meshes/StageMesh.fbx
  artifactKey: Guid(550cdd9b4c76ad645b99cd9eea1bb745) Importer(815301076,1909f56bfc062723c751e8b465ee728b)
Start importing Assets/RPG Monster Duo PBR Polyart/Meshes/StageMesh.fbx using Guid(550cdd9b4c76ad645b99cd9eea1bb745) Importer(815301076,1909f56bfc062723c751e8b465ee728b)  -> (artifact id: 'd3cdb4ba2cebf2ed7777465f8b6b8117') in 0.014337 seconds 
  Import took 0.017015 seconds .

========================================================================
Received Import Request.
  Time since last request: 17.914733 seconds.
  path: Assets/RPG Monster Duo PBR Polyart/Promotion.jpg
  artifactKey: Guid(2a5a5f4f146cce3499cfcc7ee45b9b1a) Importer(815301076,1909f56bfc062723c751e8b465ee728b)
Start importing Assets/RPG Monster Duo PBR Polyart/Promotion.jpg using Guid(2a5a5f4f146cce3499cfcc7ee45b9b1a) Importer(815301076,1909f56bfc062723c751e8b465ee728b)  -> (artifact id: '75f066c035e3c4596b26f94af86769f1') in 0.021818 seconds 
  Import took 0.025046 seconds .

========================================================================
Received Import Request.
  Time since last request: 3.134540 seconds.
  path: Assets/RPG Monster Duo PBR Polyart/Textures
  artifactKey: Guid(6840729219228ab4880b45e06d1e3211) Importer(815301076,1909f56bfc062723c751e8b465ee728b)
Start importing Assets/RPG Monster Duo PBR Polyart/Textures using Guid(6840729219228ab4880b45e06d1e3211) Importer(815301076,1909f56bfc062723c751e8b465ee728b)  -> (artifact id: '105fc8f0546d33c8dc62a0e63fd93b81') in 0.003418 seconds 
  Import took 0.006223 seconds .

========================================================================
Received Import Request.
  Time since last request: 1.089687 seconds.
  path: Assets/RPG Monster Duo PBR Polyart/Scenes
  artifactKey: Guid(1c838ee21afece14487b460b85f39b37) Importer(815301076,1909f56bfc062723c751e8b465ee728b)
Start importing Assets/RPG Monster Duo PBR Polyart/Scenes using Guid(1c838ee21afece14487b460b85f39b37) Importer(815301076,1909f56bfc062723c751e8b465ee728b)  -> (artifact id: 'fc6ddc42c86e0aea03fcfdd4f05947a1') in 0.002800 seconds 
  Import took 0.005446 seconds .

========================================================================
Received Import Request.
  Time since last request: 0.810192 seconds.
  path: Assets/RPG Monster Duo PBR Polyart/Prefabs
  artifactKey: Guid(8127742742335384f97472bb26841d4c) Importer(815301076,1909f56bfc062723c751e8b465ee728b)
Start importing Assets/RPG Monster Duo PBR Polyart/Prefabs using Guid(8127742742335384f97472bb26841d4c) Importer(815301076,1909f56bfc062723c751e8b465ee728b)  -> (artifact id: 'b4610f5b80338e2078f4b0833a707eda') in 0.003021 seconds 
  Import took 0.005855 seconds .

========================================================================
Received Import Request.
  Time since last request: 0.709297 seconds.
  path: Assets/RPG Monster Duo PBR Polyart/Meshes
  artifactKey: Guid(206397375804bf34b866bcf1f881c950) Importer(815301076,1909f56bfc062723c751e8b465ee728b)
Start importing Assets/RPG Monster Duo PBR Polyart/Meshes using Guid(206397375804bf34b866bcf1f881c950) Importer(815301076,1909f56bfc062723c751e8b465ee728b)  -> (artifact id: '2bbfeeb7d3c4278b2de5dd8dc526f187') in 0.003151 seconds 
  Import took 0.005931 seconds .

========================================================================
Received Import Request.
  Time since last request: 0.670887 seconds.
  path: Assets/RPG Monster Duo PBR Polyart/Materials
  artifactKey: Guid(a9542135e3940dd449ec2cf59b7d110c) Importer(815301076,1909f56bfc062723c751e8b465ee728b)
Start importing Assets/RPG Monster Duo PBR Polyart/Materials using Guid(a9542135e3940dd449ec2cf59b7d110c) Importer(815301076,1909f56bfc062723c751e8b465ee728b)  -> (artifact id: '2929470e0b789ce3a4377b360e297b60') in 0.003214 seconds 
  Import took 0.005906 seconds .

========================================================================
Received Import Request.
  Time since last request: 0.505409 seconds.
  path: Assets/RPG Monster Duo PBR Polyart/Animators
  artifactKey: Guid(af8440f9a15060a4480c02c3ab72ee6c) Importer(815301076,1909f56bfc062723c751e8b465ee728b)
Start importing Assets/RPG Monster Duo PBR Polyart/Animators using Guid(af8440f9a15060a4480c02c3ab72ee6c) Importer(815301076,1909f56bfc062723c751e8b465ee728b)  -> (artifact id: 'dee2d2c33a6216349fd774236187883f') in 0.002974 seconds 
  Import took 0.006175 seconds .

========================================================================
Received Import Request.
  Time since last request: 1120.477113 seconds.
  path: Assets/RPG Monster Duo PBR Polyart/Meshes/SlimeMeshPBR.fbx
  artifactKey: Guid(032e9c3d6b8f7bd4281b52741574f3af) Importer(815301076,1909f56bfc062723c751e8b465ee728b)
Start importing Assets/RPG Monster Duo PBR Polyart/Meshes/SlimeMeshPBR.fbx using Guid(032e9c3d6b8f7bd4281b52741574f3af) Importer(815301076,1909f56bfc062723c751e8b465ee728b)  -> (artifact id: 'c85bddabcf888175fb0f88289f220514') in 0.084536 seconds 
  Import took 0.088848 seconds .

========================================================================
Received Import Request.
  Time since last request: 4.067239 seconds.
  path: Assets/RPG Monster Duo PBR Polyart/Meshes/TurtleShellMeshPBR.fbx
  artifactKey: Guid(0d3c605385d6d9547a1e3f24e8248962) Importer(815301076,1909f56bfc062723c751e8b465ee728b)
Start importing Assets/RPG Monster Duo PBR Polyart/Meshes/TurtleShellMeshPBR.fbx using Guid(0d3c605385d6d9547a1e3f24e8248962) Importer(815301076,1909f56bfc062723c751e8b465ee728b)  -> (artifact id: '0c9ef6d582abcb7035d713341426989e') in 0.022553 seconds 
  Import took 0.025696 seconds .

========================================================================
Received Import Request.
  Time since last request: 0.511313 seconds.
  path: Assets/RPG Monster Duo PBR Polyart/Meshes/TurtleShellMesh.fbx
  artifactKey: Guid(56dd4edec19a3b04195448769c085dfc) Importer(815301076,1909f56bfc062723c751e8b465ee728b)
Start importing Assets/RPG Monster Duo PBR Polyart/Meshes/TurtleShellMesh.fbx using Guid(56dd4edec19a3b04195448769c085dfc) Importer(815301076,1909f56bfc062723c751e8b465ee728b)  -> (artifact id: '0e5b27b24c6221c7b0aed1d9d39a59dd') in 0.026662 seconds 
  Import took 0.029724 seconds .

========================================================================
Received Import Request.
  Time since last request: 222.705203 seconds.
  path: Assets/Level 1 Monster Pack/Models
  artifactKey: Guid(ed7e8bf2d8d5c3d48bede0769000cebf) Importer(815301076,1909f56bfc062723c751e8b465ee728b)
Start importing Assets/Level 1 Monster Pack/Models using Guid(ed7e8bf2d8d5c3d48bede0769000cebf) Importer(815301076,1909f56bfc062723c751e8b465ee728b)  -> (artifact id: 'fe8b9a2c932f74bff0a261334bb2ba95') in 0.003402 seconds 
  Import took 0.006551 seconds .

========================================================================
Received Import Request.
  Time since last request: 3.049512 seconds.
  path: Assets/Level 1 Monster Pack/Models/Slime_Level_1.fbx
  artifactKey: Guid(e607f74860c67814e93c914b710142d5) Importer(815301076,1909f56bfc062723c751e8b465ee728b)
Start importing Assets/Level 1 Monster Pack/Models/Slime_Level_1.fbx using Guid(e607f74860c67814e93c914b710142d5) Importer(815301076,1909f56bfc062723c751e8b465ee728b)  -> (artifact id: 'a727e02bc929124302092d6eef75e688') in 0.025149 seconds 
  Import took 0.029220 seconds .

========================================================================
Received Import Request.
  Time since last request: 7.994613 seconds.
  path: Assets/Level 1 Monster Pack/Materials/Slime
  artifactKey: Guid(f303503b5ad6d9b4fb8d2d0dca825486) Importer(815301076,1909f56bfc062723c751e8b465ee728b)
Start importing Assets/Level 1 Monster Pack/Materials/Slime using Guid(f303503b5ad6d9b4fb8d2d0dca825486) Importer(815301076,1909f56bfc062723c751e8b465ee728b)  -> (artifact id: 'b770c7b440b1363ce8d2b60fe4a00df6') in 0.002891 seconds 
  Import took 0.006240 seconds .

========================================================================
Received Import Request.
  Time since last request: 4.067497 seconds.
  path: Assets/Level 1 Monster Pack/Prefabs/Slime
  artifactKey: Guid(61789b61aea9a3940aaf0f0701f7e82f) Importer(815301076,1909f56bfc062723c751e8b465ee728b)
Start importing Assets/Level 1 Monster Pack/Prefabs/Slime using Guid(61789b61aea9a3940aaf0f0701f7e82f) Importer(815301076,1909f56bfc062723c751e8b465ee728b)  -> (artifact id: '5e3d77a441a70b8787e75bc8d15973eb') in 0.002618 seconds 
  Import took 0.005607 seconds .

========================================================================
Received Import Request.
  Time since last request: 34.566891 seconds.
  path: Assets/Level 1 Monster Pack/Models/Slime_Level_1.fbx
  artifactKey: Guid(e607f74860c67814e93c914b710142d5) Importer(815301076,1909f56bfc062723c751e8b465ee728b)
Start importing Assets/Level 1 Monster Pack/Models/Slime_Level_1.fbx using Guid(e607f74860c67814e93c914b710142d5) Importer(815301076,1909f56bfc062723c751e8b465ee728b)  -> (artifact id: '3f3eecd80a3fcb76d1c352217e41de42') in 0.024746 seconds 
  Import took 0.028026 seconds .

========================================================================
Received Import Request.
  Time since last request: 5.100023 seconds.
  path: Assets/Level 1 Monster Pack/Models/Slime_Level_1.fbx
  artifactKey: Guid(e607f74860c67814e93c914b710142d5) Importer(815301076,1909f56bfc062723c751e8b465ee728b)
Start importing Assets/Level 1 Monster Pack/Models/Slime_Level_1.fbx using Guid(e607f74860c67814e93c914b710142d5) Importer(815301076,1909f56bfc062723c751e8b465ee728b)  -> (artifact id: '33ed37dedfa0d6d474f7e5d9ac01930c') in 0.022110 seconds 
  Import took 0.026368 seconds .

========================================================================
Received Import Request.
  Time since last request: 5.594204 seconds.
  path: Assets/Level 1 Monster Pack/Models/Slime_Level_1.fbx
  artifactKey: Guid(e607f74860c67814e93c914b710142d5) Importer(815301076,1909f56bfc062723c751e8b465ee728b)
Start importing Assets/Level 1 Monster Pack/Models/Slime_Level_1.fbx using Guid(e607f74860c67814e93c914b710142d5) Importer(815301076,1909f56bfc062723c751e8b465ee728b)  -> (artifact id: '49f0d394c7d8a404bb8d0312124261bb') in 0.021080 seconds 
  Import took 0.024732 seconds .

========================================================================
Received Import Request.
  Time since last request: 66.774464 seconds.
  path: Assets/Level 1 Monster Pack/Prefabs/Slime/Slime_Blue.prefab
  artifactKey: Guid(9aad9de7cbca6d84b82891c3a1e63e34) Importer(815301076,1909f56bfc062723c751e8b465ee728b)
Start importing Assets/Level 1 Monster Pack/Prefabs/Slime/Slime_Blue.prefab using Guid(9aad9de7cbca6d84b82891c3a1e63e34) Importer(815301076,1909f56bfc062723c751e8b465ee728b)  -> (artifact id: '93979ba5781219abe0265c5bef0852dd') in 0.025301 seconds 
  Import took 0.028605 seconds .

========================================================================
Received Import Request.
  Time since last request: 30.950365 seconds.
  path: Assets/Level 1 Monster Pack/Images/Slime/SlimeBlue.jpg
  artifactKey: Guid(2ef3650940651ad4e831f9ab518528ac) Importer(815301076,1909f56bfc062723c751e8b465ee728b)
Start importing Assets/Level 1 Monster Pack/Images/Slime/SlimeBlue.jpg using Guid(2ef3650940651ad4e831f9ab518528ac) Importer(815301076,1909f56bfc062723c751e8b465ee728b)  -> (artifact id: '023bdb61668e1083dffbb86d83c7dad9') in 0.011771 seconds 
  Import took 0.015057 seconds .

========================================================================
Received Import Request.
  Time since last request: 196.653390 seconds.
  path: Assets/Level 1 Monster Pack/Models/Rabbit_Level_1.fbx
  artifactKey: Guid(05b0336cad2ece64b99ce054ed619f4c) Importer(815301076,1909f56bfc062723c751e8b465ee728b)
Start importing Assets/Level 1 Monster Pack/Models/Rabbit_Level_1.fbx using Guid(05b0336cad2ece64b99ce054ed619f4c) Importer(815301076,1909f56bfc062723c751e8b465ee728b)  -> (artifact id: 'eaf865424faea22c7aedc166f96cc1eb') in 0.035614 seconds 
  Import took 0.039350 seconds .

========================================================================
Received Import Request.
  Time since last request: 1.917399 seconds.
  path: Assets/Level 1 Monster Pack/Models/Slime_Level_1.fbx
  artifactKey: Guid(e607f74860c67814e93c914b710142d5) Importer(815301076,1909f56bfc062723c751e8b465ee728b)
Start importing Assets/Level 1 Monster Pack/Models/Slime_Level_1.fbx using Guid(e607f74860c67814e93c914b710142d5) Importer(815301076,1909f56bfc062723c751e8b465ee728b)  -> (artifact id: '9ce95327a561dbf0e134835fdf27d5d9') in 0.026386 seconds 
  Import took 0.029836 seconds .

========================================================================
Received Import Request.
  Time since last request: 28.606313 seconds.
  path: Assets/Level 1 Monster Pack/Models/Slime_Level_1.fbx
  artifactKey: Guid(e607f74860c67814e93c914b710142d5) Importer(815301076,1909f56bfc062723c751e8b465ee728b)
Start importing Assets/Level 1 Monster Pack/Models/Slime_Level_1.fbx using Guid(e607f74860c67814e93c914b710142d5) Importer(815301076,1909f56bfc062723c751e8b465ee728b)  -> (artifact id: 'e4d708518811f20504582a27979a478f') in 0.024033 seconds 
  Import took 0.027365 seconds .

========================================================================
Received Prepare
Registering precompiled user dll's ...
Registered in 0.007979 seconds.
Begin MonoManager ReloadAssembly
Native extension for WindowsStandalone target not found
Native extension for WebGL target not found
Refreshing native plugins compatible for Editor in 0.50 ms, found 2 plugins.
Preloading 0 native plugins for Editor in 0.00 ms.
Mono: successfully reloaded assembly
- Completed reload, in  0.977 seconds
Domain Reload Profiling:
	ReloadAssembly (977ms)
		BeginReloadAssembly (108ms)
			ExecutionOrderSort (0ms)
			DisableScriptedObjects (4ms)
			BackupInstance (0ms)
			ReleaseScriptingObjects (0ms)
			CreateAndSetChildDomain (33ms)
		EndReloadAssembly (811ms)
			LoadAssemblies (87ms)
			RebuildTransferFunctionScriptingTraits (0ms)
			SetupTypeCache (270ms)
			ReleaseScriptCaches (1ms)
			RebuildScriptCaches (42ms)
			SetupLoadedEditorAssemblies (315ms)
				LogAssemblyErrors (0ms)
				InitializePlatformSupportModulesInManaged (5ms)
				SetLoadedEditorAssemblies (1ms)
				RefreshPlugins (1ms)
				BeforeProcessingInitializeOnLoad (112ms)
				ProcessInitializeOnLoadAttributes (183ms)
				ProcessInitializeOnLoadMethodAttributes (8ms)
				AfterProcessingInitializeOnLoad (6ms)
				EditorAssembliesLoaded (0ms)
			ExecutionOrderSort2 (0ms)
			AwakeInstancesAfterBackupRestoration (6ms)
Platform modules already initialized, skipping
Refreshing native plugins compatible for Editor in 0.55 ms, found 2 plugins.
Preloading 0 native plugins for Editor in 0.00 ms.
Unloading 1533 Unused Serialized files (Serialized files now loaded: 0)
System memory in use before: 99.9 MB.
System memory in use after: 100.0 MB.

Unloading 15 unused Assets to reduce memory usage. Loaded Objects now: 2013.
Total: 2.660400 ms (FindLiveObjects: 0.168400 ms CreateObjectMapping: 0.041400 ms MarkObjects: 2.430300 ms  DeleteObjects: 0.019600 ms)

AssetImportParameters requested are different than current active one (requested -> active):
  custom:framework-win-MediaFoundation: 216162199b28c13a410421893ffa2e32 -> 
  custom:video-decoder-ogg-theora: a1e56fd34408186e4bbccfd4996cb3dc -> 
  custom:container-muxer-webm: aa71ff27fc2769a1b78a27578f13a17b -> 
  custom:container-demuxer-webm: 4f35f7cbe854078d1ac9338744f61a02 -> 
  custom:container-demuxer-ogg: 62fdf1f143b41e24485cea50d1cbac27 -> 
  custom:video-encoder-webm-vp8: eb34c28f22e8b96e1ab97ce403110664 -> 
  custom:video-decoder-webm-vp8: 9c59270c3fd7afecdb556c50c9e8de78 -> 
  custom:audio-decoder-ogg-vorbis: bf7c407c2cedff20999df2af8eb42d56 -> 
  custom:audio-encoder-webm-vorbis: bf7c407c2cedff20999df2af8eb42d56 -> 
========================================================================
Received Import Request.
  Time since last request: 140.740563 seconds.
  path: Assets/Level 1 Monster Pack/Models/Rabbit_Level_1.fbx
  artifactKey: Guid(05b0336cad2ece64b99ce054ed619f4c) Importer(815301076,1909f56bfc062723c751e8b465ee728b)
Start importing Assets/Level 1 Monster Pack/Models/Rabbit_Level_1.fbx using Guid(05b0336cad2ece64b99ce054ed619f4c) Importer(815301076,1909f56bfc062723c751e8b465ee728b)  -> (artifact id: '350f33ce1213a648660f6e6b703c73aa') in 0.082782 seconds 
  Import took 0.086543 seconds .

========================================================================
Received Import Request.
  Time since last request: 274.272166 seconds.
  path: Assets/Level 1 Monster Pack/Models/Rabbit_Level_1.fbx
  artifactKey: Guid(05b0336cad2ece64b99ce054ed619f4c) Importer(815301076,1909f56bfc062723c751e8b465ee728b)
Start importing Assets/Level 1 Monster Pack/Models/Rabbit_Level_1.fbx using Guid(05b0336cad2ece64b99ce054ed619f4c) Importer(815301076,1909f56bfc062723c751e8b465ee728b)  -> (artifact id: '01c27babf56ac027d52066f616d6186f') in 0.032474 seconds 
  Import took 0.035988 seconds .

========================================================================
Received Import Request.
  Time since last request: 37.726149 seconds.
  path: Assets/Level 1 Monster Pack/Models/Rabbit_Level_1.fbx
  artifactKey: Guid(05b0336cad2ece64b99ce054ed619f4c) Importer(815301076,1909f56bfc062723c751e8b465ee728b)
Start importing Assets/Level 1 Monster Pack/Models/Rabbit_Level_1.fbx using Guid(05b0336cad2ece64b99ce054ed619f4c) Importer(815301076,1909f56bfc062723c751e8b465ee728b)  -> (artifact id: '4b8a0e8bc6463aa37960c0d277c9238d') in 0.024276 seconds 
  Import took 0.028553 seconds .

========================================================================
Received Import Request.
  Time since last request: 6.918400 seconds.
  path: Assets/Level 1 Monster Pack/Images/Rabbit/Rabbit_Red.jpg
  artifactKey: Guid(55790d5fe29920d44873e1501fa77637) Importer(815301076,1909f56bfc062723c751e8b465ee728b)
Start importing Assets/Level 1 Monster Pack/Images/Rabbit/Rabbit_Red.jpg using Guid(55790d5fe29920d44873e1501fa77637) Importer(815301076,1909f56bfc062723c751e8b465ee728b)  -> (artifact id: 'a1673a4d2a40fc8853520dd1de1571c6') in 0.019088 seconds 
  Import took 0.021884 seconds .

========================================================================
Received Prepare
Registering precompiled user dll's ...
Registered in 0.005933 seconds.
Begin MonoManager ReloadAssembly
Native extension for WindowsStandalone target not found
Native extension for WebGL target not found
Refreshing native plugins compatible for Editor in 0.43 ms, found 2 plugins.
Preloading 0 native plugins for Editor in 0.00 ms.
Mono: successfully reloaded assembly
- Completed reload, in  0.984 seconds
Domain Reload Profiling:
	ReloadAssembly (984ms)
		BeginReloadAssembly (117ms)
			ExecutionOrderSort (0ms)
			DisableScriptedObjects (4ms)
			BackupInstance (0ms)
			ReleaseScriptingObjects (0ms)
			CreateAndSetChildDomain (38ms)
		EndReloadAssembly (808ms)
			LoadAssemblies (89ms)
			RebuildTransferFunctionScriptingTraits (0ms)
			SetupTypeCache (270ms)
			ReleaseScriptCaches (1ms)
			RebuildScriptCaches (38ms)
			SetupLoadedEditorAssemblies (277ms)
				LogAssemblyErrors (0ms)
				InitializePlatformSupportModulesInManaged (6ms)
				SetLoadedEditorAssemblies (1ms)
				RefreshPlugins (0ms)
				BeforeProcessingInitializeOnLoad (78ms)
				ProcessInitializeOnLoadAttributes (179ms)
				ProcessInitializeOnLoadMethodAttributes (8ms)
				AfterProcessingInitializeOnLoad (6ms)
				EditorAssembliesLoaded (0ms)
			ExecutionOrderSort2 (0ms)
			AwakeInstancesAfterBackupRestoration (6ms)
Platform modules already initialized, skipping
Refreshing native plugins compatible for Editor in 0.44 ms, found 2 plugins.
Preloading 0 native plugins for Editor in 0.00 ms.
Unloading 1533 Unused Serialized files (Serialized files now loaded: 0)
System memory in use before: 99.9 MB.
System memory in use after: 100.1 MB.

Unloading 14 unused Assets to reduce memory usage. Loaded Objects now: 2016.
Total: 2.570400 ms (FindLiveObjects: 0.137700 ms CreateObjectMapping: 0.055000 ms MarkObjects: 2.347100 ms  DeleteObjects: 0.029700 ms)

AssetImportParameters requested are different than current active one (requested -> active):
  custom:framework-win-MediaFoundation: 216162199b28c13a410421893ffa2e32 -> 
  custom:video-decoder-ogg-theora: a1e56fd34408186e4bbccfd4996cb3dc -> 
  custom:container-muxer-webm: aa71ff27fc2769a1b78a27578f13a17b -> 
  custom:container-demuxer-webm: 4f35f7cbe854078d1ac9338744f61a02 -> 
  custom:container-demuxer-ogg: 62fdf1f143b41e24485cea50d1cbac27 -> 
  custom:video-encoder-webm-vp8: eb34c28f22e8b96e1ab97ce403110664 -> 
  custom:video-decoder-webm-vp8: 9c59270c3fd7afecdb556c50c9e8de78 -> 
  custom:audio-decoder-ogg-vorbis: bf7c407c2cedff20999df2af8eb42d56 -> 
  custom:audio-encoder-webm-vorbis: bf7c407c2cedff20999df2af8eb42d56 -> 
========================================================================
Received Import Request.
  Time since last request: 650.018487 seconds.
  path: Assets/動畫/史萊姆.controller
  artifactKey: Guid(04613a77ad73544418e53c11a9bd5dc5) Importer(815301076,1909f56bfc062723c751e8b465ee728b)
Start importing Assets/動畫/史萊姆.controller using Guid(04613a77ad73544418e53c11a9bd5dc5) Importer(815301076,1909f56bfc062723c751e8b465ee728b)  -> (artifact id: 'b3aad6b9a5272d221d36e9b91ea73b88') in 0.029110 seconds 
  Import took 0.033599 seconds .

========================================================================
Received Import Request.
  Time since last request: 16.409225 seconds.
  path: Assets/Level 1 Monster Pack/Models/Slime_Level_1.fbx
  artifactKey: Guid(e607f74860c67814e93c914b710142d5) Importer(815301076,1909f56bfc062723c751e8b465ee728b)
Start importing Assets/Level 1 Monster Pack/Models/Slime_Level_1.fbx using Guid(e607f74860c67814e93c914b710142d5) Importer(815301076,1909f56bfc062723c751e8b465ee728b)  -> (artifact id: '122b2ac90abecd95d9347c7c6d668582') in 0.077755 seconds 
  Import took 0.081319 seconds .

========================================================================
Received Prepare
Registering precompiled user dll's ...
Registered in 0.006142 seconds.
Begin MonoManager ReloadAssembly
Native extension for WindowsStandalone target not found
Native extension for WebGL target not found
Refreshing native plugins compatible for Editor in 0.98 ms, found 2 plugins.
Preloading 0 native plugins for Editor in 0.00 ms.
Mono: successfully reloaded assembly
- Completed reload, in  0.984 seconds
Domain Reload Profiling:
	ReloadAssembly (984ms)
		BeginReloadAssembly (113ms)
			ExecutionOrderSort (0ms)
			DisableScriptedObjects (4ms)
			BackupInstance (0ms)
			ReleaseScriptingObjects (0ms)
			CreateAndSetChildDomain (35ms)
		EndReloadAssembly (809ms)
			LoadAssemblies (86ms)
			RebuildTransferFunctionScriptingTraits (0ms)
			SetupTypeCache (261ms)
			ReleaseScriptCaches (1ms)
			RebuildScriptCaches (39ms)
			SetupLoadedEditorAssemblies (282ms)
				LogAssemblyErrors (0ms)
				InitializePlatformSupportModulesInManaged (7ms)
				SetLoadedEditorAssemblies (1ms)
				RefreshPlugins (1ms)
				BeforeProcessingInitializeOnLoad (72ms)
				ProcessInitializeOnLoadAttributes (186ms)
				ProcessInitializeOnLoadMethodAttributes (9ms)
				AfterProcessingInitializeOnLoad (6ms)
				EditorAssembliesLoaded (0ms)
			ExecutionOrderSort2 (0ms)
			AwakeInstancesAfterBackupRestoration (6ms)
Platform modules already initialized, skipping
Refreshing native plugins compatible for Editor in 0.44 ms, found 2 plugins.
Preloading 0 native plugins for Editor in 0.00 ms.
Unloading 1533 Unused Serialized files (Serialized files now loaded: 0)
System memory in use before: 100.0 MB.
System memory in use after: 100.1 MB.

Unloading 14 unused Assets to reduce memory usage. Loaded Objects now: 2019.
Total: 2.603600 ms (FindLiveObjects: 0.117000 ms CreateObjectMapping: 0.042900 ms MarkObjects: 2.428700 ms  DeleteObjects: 0.014300 ms)

AssetImportParameters requested are different than current active one (requested -> active):
  custom:framework-win-MediaFoundation: 216162199b28c13a410421893ffa2e32 -> 
  custom:video-decoder-ogg-theora: a1e56fd34408186e4bbccfd4996cb3dc -> 
  custom:container-muxer-webm: aa71ff27fc2769a1b78a27578f13a17b -> 
  custom:container-demuxer-webm: 4f35f7cbe854078d1ac9338744f61a02 -> 
  custom:container-demuxer-ogg: 62fdf1f143b41e24485cea50d1cbac27 -> 
  custom:video-encoder-webm-vp8: eb34c28f22e8b96e1ab97ce403110664 -> 
  custom:video-decoder-webm-vp8: 9c59270c3fd7afecdb556c50c9e8de78 -> 
  custom:audio-decoder-ogg-vorbis: bf7c407c2cedff20999df2af8eb42d56 -> 
  custom:audio-encoder-webm-vorbis: bf7c407c2cedff20999df2af8eb42d56 -> 
========================================================================
Received Import Request.
  Time since last request: 203.582454 seconds.
  path: Assets/Level 1 Monster Pack/Models/Rabbit_Level_1.fbx
  artifactKey: Guid(05b0336cad2ece64b99ce054ed619f4c) Importer(815301076,1909f56bfc062723c751e8b465ee728b)
Start importing Assets/Level 1 Monster Pack/Models/Rabbit_Level_1.fbx using Guid(05b0336cad2ece64b99ce054ed619f4c) Importer(815301076,1909f56bfc062723c751e8b465ee728b)  -> (artifact id: '4badca4c1e18876d9a5338fed1e83050') in 0.081194 seconds 
  Import took 0.084014 seconds .

========================================================================
Received Prepare
Registering precompiled user dll's ...
Registered in 0.006744 seconds.
Begin MonoManager ReloadAssembly
Native extension for WindowsStandalone target not found
Native extension for WebGL target not found
Refreshing native plugins compatible for Editor in 0.43 ms, found 2 plugins.
Preloading 0 native plugins for Editor in 0.00 ms.
Mono: successfully reloaded assembly
- Completed reload, in  0.962 seconds
Domain Reload Profiling:
	ReloadAssembly (963ms)
		BeginReloadAssembly (106ms)
			ExecutionOrderSort (0ms)
			DisableScriptedObjects (4ms)
			BackupInstance (0ms)
			ReleaseScriptingObjects (0ms)
			CreateAndSetChildDomain (32ms)
		EndReloadAssembly (795ms)
			LoadAssemblies (85ms)
			RebuildTransferFunctionScriptingTraits (0ms)
			SetupTypeCache (268ms)
			ReleaseScriptCaches (1ms)
			RebuildScriptCaches (38ms)
			SetupLoadedEditorAssemblies (308ms)
				LogAssemblyErrors (0ms)
				InitializePlatformSupportModulesInManaged (5ms)
				SetLoadedEditorAssemblies (1ms)
				RefreshPlugins (0ms)
				BeforeProcessingInitializeOnLoad (79ms)
				ProcessInitializeOnLoadAttributes (209ms)
				ProcessInitializeOnLoadMethodAttributes (8ms)
				AfterProcessingInitializeOnLoad (6ms)
				EditorAssembliesLoaded (0ms)
			ExecutionOrderSort2 (0ms)
			AwakeInstancesAfterBackupRestoration (7ms)
Platform modules already initialized, skipping
Refreshing native plugins compatible for Editor in 0.54 ms, found 2 plugins.
Preloading 0 native plugins for Editor in 0.00 ms.
Unloading 1533 Unused Serialized files (Serialized files now loaded: 0)
System memory in use before: 100.0 MB.
System memory in use after: 100.1 MB.

Unloading 14 unused Assets to reduce memory usage. Loaded Objects now: 2022.
Total: 3.701100 ms (FindLiveObjects: 0.157100 ms CreateObjectMapping: 0.066200 ms MarkObjects: 3.438300 ms  DeleteObjects: 0.037600 ms)

AssetImportParameters requested are different than current active one (requested -> active):
  custom:framework-win-MediaFoundation: 216162199b28c13a410421893ffa2e32 -> 
  custom:video-decoder-ogg-theora: a1e56fd34408186e4bbccfd4996cb3dc -> 
  custom:container-muxer-webm: aa71ff27fc2769a1b78a27578f13a17b -> 
  custom:container-demuxer-webm: 4f35f7cbe854078d1ac9338744f61a02 -> 
  custom:container-demuxer-ogg: 62fdf1f143b41e24485cea50d1cbac27 -> 
  custom:video-encoder-webm-vp8: eb34c28f22e8b96e1ab97ce403110664 -> 
  custom:video-decoder-webm-vp8: 9c59270c3fd7afecdb556c50c9e8de78 -> 
  custom:audio-decoder-ogg-vorbis: bf7c407c2cedff20999df2af8eb42d56 -> 
  custom:audio-encoder-webm-vorbis: bf7c407c2cedff20999df2af8eb42d56 -> 
========================================================================
Received Import Request.
  Time since last request: 186.601623 seconds.
  path: Assets/Level 1 Monster Pack/Models/Rabbit_Level_1.fbx
  artifactKey: Guid(05b0336cad2ece64b99ce054ed619f4c) Importer(815301076,1909f56bfc062723c751e8b465ee728b)
Start importing Assets/Level 1 Monster Pack/Models/Rabbit_Level_1.fbx using Guid(05b0336cad2ece64b99ce054ed619f4c) Importer(815301076,1909f56bfc062723c751e8b465ee728b)  -> (artifact id: 'c034083cd93ef337e122f0f3f544ef9a') in 0.085255 seconds 
  Import took 0.088696 seconds .

========================================================================
Received Import Request.
  Time since last request: 11.015472 seconds.
  path: Assets/動畫/New SceneTemplate.scenetemplate
  artifactKey: Guid(e74162521c5d79f4d97d88b6ee6b3814) Importer(815301076,1909f56bfc062723c751e8b465ee728b)
Start importing Assets/動畫/New SceneTemplate.scenetemplate using Guid(e74162521c5d79f4d97d88b6ee6b3814) Importer(815301076,1909f56bfc062723c751e8b465ee728b)  -> (artifact id: '0073c933f047c0fcc53061ec23331b7b') in 0.009083 seconds 
  Import took 0.012340 seconds .

========================================================================
Received Import Request.
  Time since last request: 249.960762 seconds.
  path: Assets/動畫/兔兔.controller
  artifactKey: Guid(a62970add94ebf248963fcd593f1bbf8) Importer(815301076,1909f56bfc062723c751e8b465ee728b)
Start importing Assets/動畫/兔兔.controller using Guid(a62970add94ebf248963fcd593f1bbf8) Importer(815301076,1909f56bfc062723c751e8b465ee728b)  -> (artifact id: '6043f4c79e76e2219948b319d526dd9f') in 0.004975 seconds 
  Import took 0.008430 seconds .

========================================================================
Received Prepare
Registering precompiled user dll's ...
Registered in 0.005939 seconds.
Begin MonoManager ReloadAssembly
Native extension for WindowsStandalone target not found
Native extension for WebGL target not found
Refreshing native plugins compatible for Editor in 0.51 ms, found 2 plugins.
Preloading 0 native plugins for Editor in 0.00 ms.
Mono: successfully reloaded assembly
- Completed reload, in  0.985 seconds
Domain Reload Profiling:
	ReloadAssembly (985ms)
		BeginReloadAssembly (107ms)
			ExecutionOrderSort (0ms)
			DisableScriptedObjects (4ms)
			BackupInstance (0ms)
			ReleaseScriptingObjects (0ms)
			CreateAndSetChildDomain (32ms)
		EndReloadAssembly (817ms)
			LoadAssemblies (85ms)
			RebuildTransferFunctionScriptingTraits (0ms)
			SetupTypeCache (263ms)
			ReleaseScriptCaches (1ms)
			RebuildScriptCaches (36ms)
			SetupLoadedEditorAssemblies (336ms)
				LogAssemblyErrors (0ms)
				InitializePlatformSupportModulesInManaged (6ms)
				SetLoadedEditorAssemblies (1ms)
				RefreshPlugins (1ms)
				BeforeProcessingInitializeOnLoad (122ms)
				ProcessInitializeOnLoadAttributes (190ms)
				ProcessInitializeOnLoadMethodAttributes (9ms)
				AfterProcessingInitializeOnLoad (7ms)
				EditorAssembliesLoaded (0ms)
			ExecutionOrderSort2 (0ms)
			AwakeInstancesAfterBackupRestoration (8ms)
Platform modules already initialized, skipping
Refreshing native plugins compatible for Editor in 0.60 ms, found 2 plugins.
Preloading 0 native plugins for Editor in 0.00 ms.
Unloading 1533 Unused Serialized files (Serialized files now loaded: 0)
System memory in use before: 100.0 MB.
System memory in use after: 100.1 MB.

Unloading 14 unused Assets to reduce memory usage. Loaded Objects now: 2025.
Total: 2.551900 ms (FindLiveObjects: 0.137600 ms CreateObjectMapping: 0.049800 ms MarkObjects: 2.349400 ms  DeleteObjects: 0.014100 ms)

AssetImportParameters requested are different than current active one (requested -> active):
  custom:framework-win-MediaFoundation: 216162199b28c13a410421893ffa2e32 -> 
  custom:video-decoder-ogg-theora: a1e56fd34408186e4bbccfd4996cb3dc -> 
  custom:container-muxer-webm: aa71ff27fc2769a1b78a27578f13a17b -> 
  custom:container-demuxer-webm: 4f35f7cbe854078d1ac9338744f61a02 -> 
  custom:container-demuxer-ogg: 62fdf1f143b41e24485cea50d1cbac27 -> 
  custom:video-encoder-webm-vp8: eb34c28f22e8b96e1ab97ce403110664 -> 
  custom:video-decoder-webm-vp8: 9c59270c3fd7afecdb556c50c9e8de78 -> 
  custom:audio-decoder-ogg-vorbis: bf7c407c2cedff20999df2af8eb42d56 -> 
  custom:audio-encoder-webm-vorbis: bf7c407c2cedff20999df2af8eb42d56 -> 
========================================================================
Received Import Request.
  Time since last request: 160.844161 seconds.
  path: Assets/動畫/兔兔.controller
  artifactKey: Guid(a62970add94ebf248963fcd593f1bbf8) Importer(815301076,1909f56bfc062723c751e8b465ee728b)
Start importing Assets/動畫/兔兔.controller using Guid(a62970add94ebf248963fcd593f1bbf8) Importer(815301076,1909f56bfc062723c751e8b465ee728b)  -> (artifact id: 'a5b0553ee3858d56fdaa4951d8a96c7c') in 0.017055 seconds 
  Import took 0.020968 seconds .

AssetImportWorkerClient::OnTransportError - code=2 error=End of file
